SF:lib\models\ratio.dart
DA:8,1
DA:19,1
DA:20,5
DA:21,5
DA:22,2
DA:23,7
DA:24,5
DA:26,0
DA:27,0
DA:28,0
DA:29,0
DA:30,0
DA:31,0
DA:32,0
DA:35,0
DA:36,0
DA:37,0
DA:38,0
DA:39,0
DA:40,0
DA:41,0
DA:44,1
DA:45,5
DA:46,5
DA:47,2
DA:49,7
DA:50,2
DA:51,1
LF:28
LH:14
end_of_record
SF:lib\models\user.dart
DA:14,3
DA:22,2
DA:23,2
DA:24,2
DA:25,2
DA:26,2
DA:27,2
DA:28,2
DA:29,2
DA:36,1
DA:37,1
DA:38,0
DA:40,1
DA:41,1
DA:42,2
DA:43,2
DA:47,1
DA:48,2
DA:49,2
DA:50,1
DA:51,2
DA:53,2
DA:54,1
DA:57,0
LF:24
LH:22
end_of_record
SF:lib\screens\login.dart
DA:8,1
DA:10,1
DA:11,1
DA:21,1
DA:22,5
DA:25,1
DA:26,3
DA:27,1
DA:28,2
DA:30,2
DA:31,1
DA:32,1
DA:33,2
DA:35,1
DA:36,2
DA:40,1
DA:42,1
DA:43,1
DA:44,1
DA:47,1
DA:50,1
DA:51,1
DA:52,1
DA:54,1
DA:56,1
DA:57,1
DA:62,1
DA:63,1
DA:67,1
DA:68,1
DA:69,1
DA:70,2
LF:32
LH:32
end_of_record
